<?xml version="1.0" encoding="UTF-8" standalone="yes"?><!DOCTYPE report PUBLIC "-//JACOCO//DTD Report 1.1//EN" "report.dtd"><report name="rest"><group name="core"><package name="uk/pallas/systems/typr/entities/v1/validation/multi"><class name="uk/pallas/systems/typr/entities/v1/validation/multi/CountryCodeRuleWrapper" sourcefilename="CountryCodeRuleWrapper.java"/><class name="uk/pallas/systems/typr/entities/v1/validation/multi/RuleWrapper" sourcefilename="RuleWrapper.java"/><sourcefile name="RuleWrapper.java"/><sourcefile name="CountryCodeRuleWrapper.java"/></package><package name="uk/pallas/systems/typr/entities/v1/validation"><class name="uk/pallas/systems/typr/entities/v1/validation/ValidationRule" sourcefilename="ValidationRule.java"/><class name="uk/pallas/systems/typr/entities/v1/validation/EnumValidationRule" sourcefilename="EnumValidationRule.java"/><class name="uk/pallas/systems/typr/entities/v1/validation/StringValidationRule" sourcefilename="StringValidationRule.java"/><sourcefile name="StringValidationRule.java"/><sourcefile name="ValidationRule.java"/><sourcefile name="EnumValidationRule.java"/></package><package name="uk/pallas/systems/typr/services"><class name="uk/pallas/systems/typr/services/FieldDefinitionServices" sourcefilename="FieldDefinitionServices.java"/><sourcefile name="FieldDefinitionServices.java"/></package><package name="uk/pallas/systems/typr/entities/v1"><class name="uk/pallas/systems/typr/entities/v1/Category" sourcefilename="Category.java"/><class name="uk/pallas/systems/typr/entities/v1/SingleValidationRuleFieldDefinition" sourcefilename="SingleValidationRuleFieldDefinition.java"/><class name="uk/pallas/systems/typr/entities/v1/MultiValidationRuleFieldDefinition" sourcefilename="MultiValidationRuleFieldDefinition.java"/><class name="uk/pallas/systems/typr/entities/v1/FieldDefinition" sourcefilename="FieldDefinition.java"/><sourcefile name="SingleValidationRuleFieldDefinition.java"/><sourcefile name="Category.java"/><sourcefile name="FieldDefinition.java"/><sourcefile name="MultiValidationRuleFieldDefinition.java"/></package><package name="uk/pallas/systems/typr/entities/v1/validation/number"><class name="uk/pallas/systems/typr/entities/v1/validation/number/LongValidationRule" sourcefilename="LongValidationRule.java"/><class name="uk/pallas/systems/typr/entities/v1/validation/number/DoubleValidationRule" sourcefilename="DoubleValidationRule.java"/><class name="uk/pallas/systems/typr/entities/v1/validation/number/NumberValidationRule" sourcefilename="NumberValidationRule.java"/><sourcefile name="LongValidationRule.java"/><sourcefile name="DoubleValidationRule.java"/><sourcefile name="NumberValidationRule.java"/></package></group></report>