<?xml version="1.0" encoding="UTF-8" standalone="yes"?><!DOCTYPE report PUBLIC "-//JACOCO//DTD Report 1.1//EN" "report.dtd"><report name="hibernate"><sessioninfo id="fv-az257-415-a4d708c" start="1687284390402" dump="1687284392584"/><group name="core"><package name="uk/pallas/systems/typr/entities/v1/validation"><class name="uk/pallas/systems/typr/entities/v1/validation/ValidationRuleConstants" sourcefilename="ValidationRuleConstants.java"><method name="&lt;clinit&gt;" desc="()V" line="21"><counter type="INSTRUCTION" missed="4" covered="0"/><counter type="LINE" missed="1" covered="0"/><counter type="COMPLEXITY" missed="1" covered="0"/><counter type="METHOD" missed="1" covered="0"/></method><counter type="INSTRUCTION" missed="4" covered="0"/><counter type="LINE" missed="1" covered="0"/><counter type="COMPLEXITY" missed="1" covered="0"/><counter type="METHOD" missed="1" covered="0"/><counter type="CLASS" missed="1" covered="0"/></class><class name="uk/pallas/systems/typr/entities/v1/validation/TimeValidationRule" sourcefilename="TimeValidationRule.java"/><class name="uk/pallas/systems/typr/entities/v1/validation/EnumValidationRule" sourcefilename="EnumValidationRule.java"/><class name="uk/pallas/systems/typr/entities/v1/validation/ValidationRule" sourcefilename="ValidationRule.java"/><class name="uk/pallas/systems/typr/entities/v1/validation/StringValidationRule" sourcefilename="StringValidationRule.java"/><sourcefile name="StringValidationRule.java"/><sourcefile name="TimeValidationRule.java"/><sourcefile name="ValidationRule.java"/><sourcefile name="EnumValidationRule.java"/><sourcefile name="ValidationRuleConstants.java"><line nr="21" mi="4" ci="0" mb="0" cb="0"/><counter type="INSTRUCTION" missed="4" covered="0"/><counter type="LINE" missed="1" covered="0"/><counter type="COMPLEXITY" missed="1" covered="0"/><counter type="METHOD" missed="1" covered="0"/><counter type="CLASS" missed="1" covered="0"/></sourcefile><counter type="INSTRUCTION" missed="4" covered="0"/><counter type="LINE" missed="1" covered="0"/><counter type="COMPLEXITY" missed="1" covered="0"/><counter type="METHOD" missed="1" covered="0"/><counter type="CLASS" missed="1" covered="0"/></package><package name="uk/pallas/systems/typr/services"><class name="uk/pallas/systems/typr/services/UnitsService" sourcefilename="UnitsService.java"/><class name="uk/pallas/systems/typr/services/FieldDefinitionService" sourcefilename="FieldDefinitionService.java"/><class name="uk/pallas/systems/typr/services/CountryService" sourcefilename="CountryService.java"/><sourcefile name="FieldDefinitionService.java"/><sourcefile name="CountryService.java"/><sourcefile name="UnitsService.java"/></package><package name="uk/pallas/systems/typr/entities/v1/validation/wrapper"><class name="uk/pallas/systems/typr/entities/v1/validation/wrapper/CountryCodeWrapper" sourcefilename="CountryCodeWrapper.java"/><sourcefile name="CountryCodeWrapper.java"/></package><package name="uk/pallas/systems/typr/entities/v1/validation/number"><class name="uk/pallas/systems/typr/entities/v1/validation/number/LongValidationRule" sourcefilename="LongValidationRule.java"/><class name="uk/pallas/systems/typr/entities/v1/validation/number/DoubleValidationRule" sourcefilename="DoubleValidationRule.java"/><class name="uk/pallas/systems/typr/entities/v1/validation/number/NumberValidationRule" sourcefilename="NumberValidationRule.java"/><sourcefile name="LongValidationRule.java"/><sourcefile name="DoubleValidationRule.java"/><sourcefile name="NumberValidationRule.java"/></package><package name="uk/pallas/systems/typr/entities/v1"><class name="uk/pallas/systems/typr/entities/v1/FieldDefinition" sourcefilename="FieldDefinition.java"/><sourcefile name="FieldDefinition.java"/></package><counter type="INSTRUCTION" missed="4" covered="0"/><counter type="LINE" missed="1" covered="0"/><counter type="COMPLEXITY" missed="1" covered="0"/><counter type="METHOD" missed="1" covered="0"/><counter type="CLASS" missed="1" covered="0"/></group><counter type="INSTRUCTION" missed="4" covered="0"/><counter type="LINE" missed="1" covered="0"/><counter type="COMPLEXITY" missed="1" covered="0"/><counter type="METHOD" missed="1" covered="0"/><counter type="CLASS" missed="1" covered="0"/></report>