<?xml version="1.0" encoding="UTF-8" standalone="yes"?><!DOCTYPE report PUBLIC "-//JACOCO//DTD Report 1.1//EN" "report.dtd"><report name="hibernate"><group name="core"><package name="uk/pallas/systems/typr/services"><class name="uk/pallas/systems/typr/services/FieldDefinitionServices" sourcefilename="FieldDefinitionServices.java"/><sourcefile name="FieldDefinitionServices.java"/></package><package name="uk/pallas/systems/typr/entities/v1"><class name="uk/pallas/systems/typr/entities/v1/NumberFieldDefinition" sourcefilename="NumberFieldDefinition.java"/><class name="uk/pallas/systems/typr/entities/v1/StringFieldDefinition" sourcefilename="StringFieldDefinition.java"/><class name="uk/pallas/systems/typr/entities/v1/Category" sourcefilename="Category.java"/><class name="uk/pallas/systems/typr/entities/v1/DoubleFieldDefinition" sourcefilename="DoubleFieldDefinition.java"/><class name="uk/pallas/systems/typr/entities/v1/EnumFieldDefinition" sourcefilename="EnumFieldDefinition.java"/><class name="uk/pallas/systems/typr/entities/v1/LongFieldDefinition" sourcefilename="LongFieldDefinition.java"/><class name="uk/pallas/systems/typr/entities/v1/FieldDefinition" sourcefilename="FieldDefinition.java"/><sourcefile name="NumberFieldDefinition.java"/><sourcefile name="LongFieldDefinition.java"/><sourcefile name="FieldDefinition.java"/><sourcefile name="DoubleFieldDefinition.java"/><sourcefile name="StringFieldDefinition.java"/><sourcefile name="Category.java"/><sourcefile name="EnumFieldDefinition.java"/></package></group></report>